[2026-05-26T05:21:21.370Z] GET file:///tmp/original-landing.html → 200 (6ms, 97330B)
[2026-05-26T05:21:21.386Z] GET https://fonts.googleapis.com/css2?family=Geist:wght@300;400;500;600;700;800&family=Fraunces:ital,opsz,wght@0,9..144,300;0,9..144,400;1,9..144,300;1,9..144,400&family=Geist+Mono:wght@400;500&display=swap → 200 (202ms, 20854B)
[2026-05-26T05:21:21.774Z] GET https://fonts.gstatic.com/s/geist/v5/gyByhwUxId8gMEwcGFWNOITd.woff2 → pending (?ms, ?B)
[2026-05-26T05:21:21.774Z] GET https://fonts.gstatic.com/s/fraunces/v38/6NU58FyLNQOQZAnv9ZwNjucMHVn85Ni7emAe9lKqZTnbB-gzTK0K1ChjeveQ7ZXk8g.woff2 → pending (?ms, ?B)
[2026-05-26T05:21:21.774Z] GET https://fonts.gstatic.com/s/geistmono/v5/or3nQ6H-1_WfwkMZI_qYFrcdmhHkjko.woff2 → pending (?ms, ?B)
[2026-05-26T05:21:35.614Z] GET file:///tmp/whatsapp-landing.html → 200 (8ms, 120781B)
[2026-05-26T05:21:35.638Z] GET https://fonts.googleapis.com/css2?family=Geist:wght@300;400;500;600;700;800&family=Fraunces:ital,opsz,wght@0,9..144,300;0,9..144,400;1,9..144,300;1,9..144,400&family=Geist+Mono:wght@400;500&display=swap → 200 (13ms, 20854B)
[2026-05-26T05:21:35.768Z] GET https://fonts.gstatic.com/s/geist/v5/gyByhwUxId8gMEwcGFWNOITd.woff2 → 200 (2ms, 29288B)
[2026-05-26T05:21:35.768Z] GET https://fonts.gstatic.com/s/fraunces/v38/6NU58FyLNQOQZAnv9ZwNjucMHVn85Ni7emAe9lKqZTnbB-gzTK0K1ChjeveQ7ZXk8g.woff2 → 200 (3ms, 81704B)
[2026-05-26T05:21:35.768Z] GET https://fonts.gstatic.com/s/geistmono/v5/or3nQ6H-1_WfwkMZI_qYFrcdmhHkjko.woff2 → 200 (2ms, 29972B)
[2026-05-26T05:26:57.013Z] GET file:///tmp/pricing-landing.html → 200 (31ms, 119683B)
[2026-05-26T05:26:57.092Z] GET https://fonts.googleapis.com/css2?family=Geist:wght@300;400;500;600;700;800&family=Fraunces:ital,opsz,wght@0,9..144,300;0,9..144,400;1,9..144,300;1,9..144,400&family=Geist+Mono:wght@400;500&display=swap → 200 (20ms, 20854B)
[2026-05-26T05:26:57.303Z] GET https://fonts.gstatic.com/s/geist/v5/gyByhwUxId8gMEwcGFWNOITd.woff2 → 200 (2ms, 29288B)
[2026-05-26T05:26:57.303Z] GET https://fonts.gstatic.com/s/fraunces/v38/6NU58FyLNQOQZAnv9ZwNjucMHVn85Ni7emAe9lKqZTnbB-gzTK0K1ChjeveQ7ZXk8g.woff2 → 200 (3ms, 81704B)
[2026-05-26T05:26:57.303Z] GET https://fonts.gstatic.com/s/geistmono/v5/or3nQ6H-1_WfwkMZI_qYFrcdmhHkjko.woff2 → 200 (2ms, 29972B)
[2026-05-26T05:27:57.326Z] GET file:///tmp/ec1a3ca-landing.html → 200 (38ms, 153366B)
[2026-05-26T05:27:57.432Z] GET https://fonts.googleapis.com/css2?family=Geist:wght@300;400;500;600;700;800&family=Fraunces:ital,opsz,wght@0,9..144,300;0,9..144,400;1,9..144,300;1,9..144,400&family=Geist+Mono:wght@400;500&display=swap → 200 (22ms, 20854B)
[2026-05-26T05:27:57.594Z] GET https://fonts.gstatic.com/s/geist/v5/gyByhwUxId8gMEwcGFWNOITd.woff2 → 200 (3ms, 29288B)
[2026-05-26T05:27:57.595Z] GET https://fonts.gstatic.com/s/fraunces/v38/6NU58FyLNQOQZAnv9ZwNjucMHVn85Ni7emAe9lKqZTnbB-gzTK0K1ChjeveQ7ZXk8g.woff2 → 200 (3ms, 81704B)
[2026-05-26T05:27:57.596Z] GET https://fonts.gstatic.com/s/geistmono/v5/or3nQ6H-1_WfwkMZI_qYFrcdmhHkjko.woff2 → 200 (?ms, 29972B)
[2026-05-26T05:52:20.109Z] GET https://fullsite.mx/ → 200 (219ms, 65650B)
[2026-05-26T05:52:20.535Z] GET https://fonts.googleapis.com/css2?family=Inter:wght@300;400;500;600;700;800;900&family=Playfair+Display:ital,wght@0,400;0,700;1,400&display=swap → pending (?ms, ?B)
[2026-05-26T05:52:20.535Z] GET https://cdn.jsdelivr.net/npm/gsap@3.12.7/dist/gsap.min.js → pending (?ms, ?B)
[2026-05-26T05:52:20.535Z] GET https://cdn.jsdelivr.net/npm/gsap@3.12.7/dist/ScrollTrigger.min.js → pending (?ms, ?B)
[2026-05-26T05:52:20.535Z] GET https://cdn.jsdelivr.net/npm/gsap@3.12.7/dist/ScrollToPlugin.min.js → pending (?ms, ?B)
[2026-05-26T05:52:20.535Z] GET https://cdn.jsdelivr.net/npm/lenis@1.1.18/dist/lenis.min.js → pending (?ms, ?B)
[2026-05-26T05:52:20.898Z] GET https://fonts.gstatic.com/s/inter/v20/UcC73FwrK3iLTeHuS_nVMrMxCp50SjIa1ZL7W0Q5nw.woff2 → 200 (254ms, 48432B)
[2026-05-26T05:52:20.899Z] GET https://fonts.gstatic.com/s/playfairdisplay/v40/nuFRD-vYSZviVYUb_rj3ij__anPXDTnCjmHKM4nYO7KN_qiTXtHA-X-uE0qEEw.woff2 → 200 (164ms, 21952B)
[2026-05-26T05:52:50.199Z] GET https://fullsite.mx/?v=1779774769 → 200 (288ms, 65650B)
[2026-05-26T05:52:50.524Z] GET https://fonts.googleapis.com/css2?family=Inter:wght@300;400;500;600;700;800;900&family=Playfair+Display:ital,wght@0,400;0,700;1,400&display=swap → 200 (1ms, 22624B)
[2026-05-26T05:52:50.525Z] GET https://cdn.jsdelivr.net/npm/gsap@3.12.7/dist/gsap.min.js → 200 (?ms, 72304B)
[2026-05-26T05:52:50.526Z] GET https://cdn.jsdelivr.net/npm/gsap@3.12.7/dist/ScrollTrigger.min.js → 200 (?ms, 43974B)
[2026-05-26T05:52:50.526Z] GET https://cdn.jsdelivr.net/npm/gsap@3.12.7/dist/ScrollToPlugin.min.js → 200 (1ms, 4127B)
[2026-05-26T05:52:50.528Z] GET https://cdn.jsdelivr.net/npm/lenis@1.1.18/dist/lenis.min.js → 200 (?ms, 13020B)
[2026-05-26T05:52:50.543Z] GET https://fonts.gstatic.com/s/inter/v20/UcC73FwrK3iLTeHuS_nVMrMxCp50SjIa1ZL7W0Q5nw.woff2 → 200 (1ms, ?B)
[2026-05-26T05:52:50.544Z] GET https://fonts.gstatic.com/s/playfairdisplay/v40/nuFRD-vYSZviVYUb_rj3ij__anPXDTnCjmHKM4nYO7KN_qiTXtHA-X-uE0qEEw.woff2 → 200 (?ms, ?B)
[2026-05-26T05:53:39.748Z] GET https://raw.githubusercontent.com/ramonfaurdaniel-png/fullsite-web/main/index.html → 200 (612ms, 66228B)
[2026-05-26T05:53:54.720Z] GET file:///tmp/landing-local.html → pending (?ms, ?B)
[2026-05-26T05:53:55.541Z] GET https://fonts.googleapis.com/css2?family=Inter:wght@300;400;500;600;700;800;900&family=Playfair+Display:ital,wght@0,400;0,700;1,400&display=swap → 200 (4ms, ?B)
[2026-05-26T05:53:55.541Z] GET https://cdn.jsdelivr.net/npm/gsap@3.12.7/dist/gsap.min.js → 200 (16ms, ?B)
[2026-05-26T05:53:55.541Z] GET https://cdn.jsdelivr.net/npm/gsap@3.12.7/dist/ScrollTrigger.min.js → 200 (16ms, ?B)
[2026-05-26T05:53:55.542Z] GET https://cdn.jsdelivr.net/npm/gsap@3.12.7/dist/ScrollToPlugin.min.js → 200 (4ms, ?B)
[2026-05-26T05:53:55.542Z] GET https://cdn.jsdelivr.net/npm/lenis@1.1.18/dist/lenis.min.js → 200 (14ms, ?B)
[2026-05-26T05:53:55.805Z] GET https://fonts.gstatic.com/s/inter/v20/UcC73FwrK3iLTeHuS_nVMrMxCp50SjIa1ZL7W0Q5nw.woff2 → 200 (15ms, 48432B)
[2026-05-26T05:53:55.805Z] GET https://fonts.gstatic.com/s/playfairdisplay/v40/nuFRD-vYSZviVYUb_rj3ij__anPXDTnCjmHKM4nYO7KN_qiTXtHA-X-uE0qEEw.woff2 → 200 (1ms, 21952B)
[2026-05-26T05:54:47.728Z] GET https://pos.toasttab.com/ → 200 (181ms, ?B)
[2026-05-26T05:54:48.492Z] GET https://d2a0efs422ycyj.cloudfront.net/main/1779470629269/public/static/SourceSansPro-Regular.ttf-f963ed837d6e84c7f1439f500749e0fc.woff2 → 200 (315ms, ?B)
[2026-05-26T05:54:48.494Z] GET https://d2a0efs422ycyj.cloudfront.net/main/1779470629269/public/static/SourceSansPro-Semibold.ttf-acbf737b5bfddd31d0f6945dc55d20f9.woff2 → 200 (312ms, ?B)
[2026-05-26T05:54:48.495Z] GET https://d2a0efs422ycyj.cloudfront.net/main/1779470629269/public/static/Effra_W_Md-35c1ea64ec5348e7f918e461f4ebb7f2.woff2 → 200 (310ms, ?B)
[2026-05-26T05:54:48.495Z] GET https://d2a0efs422ycyj.cloudfront.net/main/1779470629269/public/static/Effra_W_SBd-f98ed46c4e43962c4094b2a064af0c15.woff2 → 200 (310ms, ?B)
[2026-05-26T05:54:48.503Z] GET https://d2a0efs422ycyj.cloudfront.net/main/1779470629269/public/static/Heatwood-41da7040b7f9cf62f209e9cb74bdcb39.woff2 → 200 (303ms, ?B)
[2026-05-26T05:54:48.503Z] GET https://d2a0efs422ycyj.cloudfront.net/main/1779470629269/public/svg/img-toast-logo.svg → 200 (233ms, ?B)
[2026-05-26T05:54:48.537Z] GET https://images.ctfassets.net/tgv5pu8pgmos/6AA5zvrr7k1tquX2OFsaUs/2fa74f1a7bd16747e3767e91dd917b26/f20b024ec1b56372a73d1fb8bae944df10af6b5d.jpg?w=150&h=150&fit=fill → 200 (242ms, ?B)
[2026-05-26T05:54:48.537Z] GET https://d2w1ef2ao9g8r9.cloudfront.net/images/images/switching-to-toast-article-thumbnail.jpg?w=150&h=150&fit=fill → 200 (254ms, ?B)
[2026-05-26T05:54:48.556Z] GET https://d2w1ef2ao9g8r9.cloudfront.net/images/images/opening-a-new-restaurant-article-thumbnail.jpg?w=150&h=150&fit=fill → 200 (230ms, ?B)
[2026-05-26T05:54:48.557Z] GET https://images.ctfassets.net/tgv5pu8pgmos/4nHYID06O61hm8zdTI5QcN/30a310619c6df18f495f79e30c6b6a1b/Image__39_.png?w=150&h=150&fit=fill → 200 (345ms, ?B)
[2026-05-26T05:54:48.575Z] GET https://images.ctfassets.net/tgv5pu8pgmos/2OfYFxbTxrT822XVtd3Kdk/78a28087ff81a52c800be8a1f2e5809f/Image__38_.png?w=150&h=150&fit=fill → 200 (204ms, ?B)
[2026-05-26T05:54:48.575Z] GET https://images.ctfassets.net/tgv5pu8pgmos/7oKQNkqUFQPlVlbc497zEi/4caa91a0b2f575e2ab41b9fa8ed62b10/platform.png?w=150&h=150&fit=fill → 200 (206ms, ?B)
[2026-05-26T05:54:48.575Z] GET https://images.ctfassets.net/tgv5pu8pgmos/1HDxpEdr70xvpVLr3eCb9q/e614b14943475dcfa302009f28bf0e67/iq2.png?w=150&h=150&fit=fill → 200 (204ms, ?B)
[2026-05-26T05:54:48.590Z] GET https://images.ctfassets.net/tgv5pu8pgmos/4zANuLxRny4Y1f1NVcoRIp/e8753b763cb127e4e6efeccf97cb97c0/guest-crm.png?w=150&h=150&fit=fill → 200 (191ms, ?B)
[2026-05-26T05:54:48.590Z] GET https://images.ctfassets.net/tgv5pu8pgmos/5Ih5dJ0ir9aE3chkwNaWca/8b2201947585bc616f975b0ad4a414fd/Square_vs._Toast_Nav.png?w=150&h=150&fit=fill → 200 (315ms, ?B)
[2026-05-26T05:54:48.592Z] GET https://d2w1ef2ao9g8r9.cloudfront.net/images/images/free-tools-and-templates-thumnail.png?w=150&h=150&fit=fill → 200 (197ms, ?B)
[2026-05-26T05:54:48.592Z] GET https://d2w1ef2ao9g8r9.cloudfront.net/images/2021Q3_Panini_The-Lexington_09-128x112.png?w=150&h=150&fit=fill → 200 (211ms, ?B)
[2026-05-26T05:54:48.592Z] GET https://images.ctfassets.net/tgv5pu8pgmos/3SuJhLAw94NwglyUf6jNwp/5ca60d494d542200d8d7a74e81c3c8d1/Frame_1948764892.png?fm=avif&w=1920&fit=scale → pending (?ms, ?B)
[2026-05-26T05:54:48.593Z] GET https://images.ctfassets.net/tgv5pu8pgmos/6j74Z1QPjB45u22KklxXfC/e9f2ceec7d1f8834557ef01bd96e374a/solutions-background.png?fm=avif&w=768&fit=scale → 200 (382ms, ?B)
[2026-05-26T05:54:48.593Z] GET https://d2a0efs422ycyj.cloudfront.net/main/1779470629269/public/svg/chevron-right-white.svg → 200 (204ms, ?B)
[2026-05-26T05:54:48.597Z] GET https://d2a0efs422ycyj.cloudfront.net/main/1779470629269/public/svg/icon-multi-location-management.svg → 200 (200ms, ?B)
[2026-05-26T05:54:48.601Z] GET https://images.ctfassets.net/tgv5pu8pgmos/7tt1u9UgtdGQDP0UOBfDcK/f969f23e24e2da160fa32174d4ea96f4/harpoon-mobile-image.png?fm=avif&w=528&fit=scale → 200 (304ms, ?B)
[2026-05-26T05:54:48.601Z] GET https://images.ctfassets.net/tgv5pu8pgmos/5VvSAM8AfdqSj80WiIAFg1/f3a51d3ce8837dc088b36e475853d03f/custom-harpoon.svg → 200 (304ms, ?B)
[2026-05-26T05:54:48.603Z] GET https://images.ctfassets.net/tgv5pu8pgmos/5HImty9kX6YODxXExwkMRm/862f8e2c36a5e249f6dcf2b372664edc/odd-duck-mobile-image.png?fm=avif&w=528&fit=scale → 200 (372ms, ?B)
[2026-05-26T05:54:48.603Z] GET https://images.ctfassets.net/tgv5pu8pgmos/4bGKX57Uva4ATnsqsDUwyk/973314920cee0eda94f280b9d231b517/customer-odd-duck.svg → 200 (372ms, ?B)
[2026-05-26T05:54:48.603Z] GET https://images.ctfassets.net/tgv5pu8pgmos/5OzA4NRm2AHpqrIEj4lZ3h/d3a651eb73d796a0a1b9894642f09443/housepitality-mobile-image.png?fm=avif&w=528&fit=scale → pending (?ms, ?B)
[2026-05-26T05:54:48.603Z] GET https://images.ctfassets.net/tgv5pu8pgmos/1afCSuM8zY2nOaaAHmBda1/c069c9d997c1368a48db9f9f117ca888/customer-housepitality.svg → pending (?ms, ?B)
[2026-05-26T05:54:48.605Z] GET https://images.ctfassets.net/tgv5pu8pgmos/7yM9bTFtlyaR9WuzMKoFo3/127b3127e76b92fd780197111d979665/velvet-taco-mobile-image.png?fm=avif&w=528&fit=scale → pending (?ms, ?B)
[2026-05-26T05:54:48.620Z] GET https://images.ctfassets.net/tgv5pu8pgmos/2qBDVGw2MBs33Zfi1R7Yxd/f6d06919b4ef563aa43aaec5a9bdc915/customer-velvet-taco.svg → pending (?ms, ?B)
[2026-05-26T05:54:48.620Z] GET https://images.ctfassets.net/tgv5pu8pgmos/35Spj2IfCWFkoEaPU9XV5e/b4f06f205df06df5b596f1d873f8fe9e/Photo_row_8-12__85.png → pending (?ms, ?B)
[2026-05-26T05:54:48.620Z] GET https://images.ctfassets.net/tgv5pu8pgmos/55lT1XGx5b9cmHwU27wq2L/e314d162aaa0b5ae40bd9f740a91e875/circle-chef-wayne.png → pending (?ms, ?B)
[2026-05-26T05:54:48.620Z] GET https://d2a0efs422ycyj.cloudfront.net/main/1779470629269/public/svg/icon-metric-up-trending-green.svg → 200 (172ms, ?B)
[2026-05-26T05:54:48.620Z] GET https://images.ctfassets.net/tgv5pu8pgmos/2jxsVfevnp4MTP3EI1jOq9/3b4041ded2ab6bf1059e6c0b00ecbdfb/chef-wayne-signature.svg → pending (?ms, ?B)
[2026-05-26T05:54:48.620Z] GET https://images.ctfassets.net/tgv5pu8pgmos/3Y4EXulnMj6MT0WavJVJIh/a9e13bc73609d8aec348af91b0e48f15/summer25badges.svg → pending (?ms, ?B)
[2026-05-26T05:54:48.622Z] GET https://images.ctfassets.net/tgv5pu8pgmos/5gfaAor03VdcUwy6oMHfgd/27b10fed8f593171e867fbe56b84120c/there-for-the-future.png → pending (?ms, ?B)
[2026-05-26T05:54:48.660Z] GET https://images.ctfassets.net/tgv5pu8pgmos/7Fam50XWzQ7icP7FKEBMkJ/a8ee065753e0670e172e1f7e7a49b9ec/Photo_Row_13-19_-_all_regions.png → pending (?ms, ?B)
[2026-05-26T05:54:48.663Z] GET https://images.ctfassets.net/tgv5pu8pgmos/UwOS67gEXfS6VHMzb24T7/e01ccf1ce22ccf2650fadd76a259017a/there-in-thousand-little-ways.png → pending (?ms, ?B)
[2026-05-26T05:54:48.663Z] GET https://d2a0efs422ycyj.cloudfront.net/main/1779470629269/public/svg/footer/en/apple_btn.svg → 200 (137ms, ?B)
[2026-05-26T05:54:48.663Z] GET https://d2a0efs422ycyj.cloudfront.net/main/1779470629269/public/svg/footer/en/googleplay_btn-color.svg → 200 (138ms, ?B)
[2026-05-26T05:54:48.663Z] GET https://d2a0efs422ycyj.cloudfront.net/main/1779470629269/public/webpack-runtime-21e1e355a9b7fdc4a8a7.js → pending (?ms, ?B)
[2026-05-26T05:54:48.663Z] GET https://d2a0efs422ycyj.cloudfront.net/main/1779470629269/public/framework-ae379ac26a8029d32b3b.js → pending (?ms, ?B)
[2026-05-26T05:54:48.715Z] GET https://d2a0efs422ycyj.cloudfront.net/main/1779470629269/public/app-f8678ce985064aa2e56a.js → pending (?ms, ?B)
[2026-05-26T05:54:48.721Z] GET https://toast.fides-cdn.ethyca.com/fides.js?property_id=FDS-A6VAWQ& → pending (?ms, ?B)
[2026-05-26T05:54:48.729Z] GET https://d2a0efs422ycyj.cloudfront.net/main/1779470629269/public/static/hp-brand-line-Desktop.4b1f7f15.svg → 200 (58ms, ?B)
[2026-05-26T05:54:48.729Z] GET https://d2a0efs422ycyj.cloudfront.net/main/1779470629269/public/static/Effra_W_Rg-cdf3d42978c8e1e5d5479e74b5cf183a.woff2 → 200 (88ms, ?B)
[2026-05-26T05:54:48.730Z] GET https://d2w1ef2ao9g8r9.cloudfront.net/images/videos/restaurants_pizzeria.mp4 → 206 (73ms, ?B)
[2026-05-26T05:54:48.902Z] GET https://images.ctfassets.net/tgv5pu8pgmos/1wPGLesKVQ9MqxwmG4OKTk/09beeeb3de457064d47d2d204b4f8661/bar-and-lounge-toast-go-handheld-close-up.png?fm=avif&w=264&fit=scale → pending (?ms, ?B)
[2026-05-26T05:54:48.902Z] GET https://images.ctfassets.net/tgv5pu8pgmos/6OMJMP6QBqOt7LaPA8KT5g/dcd631da47f231c8e305376f9cd8fa79/bar-and-lounge-toast-go-handheld-payment.png?fm=avif&w=264&fit=scale → pending (?ms, ?B)
[2026-05-26T05:54:48.902Z] GET https://images.ctfassets.net/tgv5pu8pgmos/3e8Q8w1jTuog5oriBz43kX/cbbdd38030f5c8f7a87ae2d3b0244a80/bar-lounge-itemized.avif?fm=avif&w=456&fit=scale → pending (?ms, ?B)
[2026-05-26T05:54:49.057Z] POST https://sentry.io/api/5196369/envelope/?sentry_key=ae36eedd65864f60919d20d4d4f2e732&sentry_version=7&sentry_client=sentry.javascript.gatsby%2F7.120.4 → 200 (101ms, 2B)
[2026-05-26T05:54:49.057Z] GET https://cdn.us.heap-api.com/config/1227582568/heap_config.js → 200 (46ms, 4666B)
[2026-05-26T05:54:49.057Z] GET https://www.datadoghq-browser-agent.com/us1/v5/datadog-rum.js → 200 (46ms, 165703B)
[2026-05-26T05:54:49.057Z] GET https://utt.impactcdn.com/A2526552-22b7-4399-83ee-06f98f5f67921.js → 200 (98ms, 49732B)
[2026-05-26T05:54:49.059Z] GET https://d2a0efs422ycyj.cloudfront.net/main/1779470629269/public/page-data/app-data.json → 200 (238ms, 50B)
[2026-05-26T05:54:49.060Z] GET https://d2a0efs422ycyj.cloudfront.net/main/1779470629269/public/page-data/index/page-data.json → 200 (233ms, 759491B)
[2026-05-26T05:54:49.137Z] GET https://cdn.us.heap-api.com/v5/heapjs-static/5.3.12/core/heap.js → 200 (66ms, 335267B)
[2026-05-26T05:54:49.562Z] GET https://d2a0efs422ycyj.cloudfront.net/main/1779470629269/public/vendor-marked-f4f24422468ed03454f7.js → 200 (37ms, 40107B)
[2026-05-26T05:54:49.562Z] GET https://d2a0efs422ycyj.cloudfront.net/main/1779470629269/public/commons-3d343ef1250d1b1fc602.js → 200 (38ms, 135744B)
[2026-05-26T05:54:49.562Z] GET https://d2a0efs422ycyj.cloudfront.net/main/1779470629269/public/0448b7e26a46b11b21359e8b4424ec5fd116b020-3fccfee91e99f6f7ae75.js → 200 (36ms, 18629B)
[2026-05-26T05:54:49.563Z] GET https://d2a0efs422ycyj.cloudfront.net/main/1779470629269/public/47beb065d2579478a22d7fee282b2dc3d04552c5-c7262ccb0e096681eb7a.js → 200 (39ms, 135851B)
[2026-05-26T05:54:49.563Z] GET https://d2a0efs422ycyj.cloudfront.net/main/1779470629269/public/2c881f584ec12b7ae534f1e1ead6cbdb2cff9858-1610ea8953545a8c94a8.js → 200 (36ms, 24422B)
[2026-05-26T05:54:49.563Z] GET https://d2a0efs422ycyj.cloudfront.net/main/1779470629269/public/component---src-templates-snowflakes-home-tsx-0456a9efcb4c36e67a9e.js → 200 (36ms, 3155B)
[2026-05-26T05:54:49.563Z] GET https://d2a0efs422ycyj.cloudfront.net/main/1779470629269/public/page-data/sq/d/343707108.json → 200 (227ms, 358B)
[2026-05-26T05:54:49.843Z] POST https://experience.ninetailed.co/v2/organizations/732b57ad-e18f-4e3e-8c50-d9ac8532125a/environments/main/profiles → 200 (118ms, ?B)
[2026-05-26T05:54:49.862Z] GET https://d2a0efs422ycyj.cloudfront.net/main/1779470629269/public/vendor-lodash-es-bd04d3bf912baa905313.js → 200 (40ms, 15950B)
[2026-05-26T05:54:49.862Z] GET https://d2a0efs422ycyj.cloudfront.net/main/1779470629269/public/vendor-formik-92bd70a92116b074de7e.js → 200 (44ms, 18159B)
[2026-05-26T05:54:49.862Z] GET https://d2a0efs422ycyj.cloudfront.net/main/1779470629269/public/cfb74936c800647b91dfc9ec7b7972414a6d6fa8-7730bc53e8ca188e1b1c.js → 200 (41ms, 10732B)
[2026-05-26T05:54:49.862Z] GET https://d2a0efs422ycyj.cloudfront.net/main/1779470629269/public/f2227df393a2464289d4cf0e57def11f04298e10-18d46f393eea9126bd54.js → 200 (45ms, 44309B)
[2026-05-26T05:54:49.862Z] GET https://d2a0efs422ycyj.cloudfront.net/main/1779470629269/public/c8f7fe3b0e41be846d5687592cf2018ff6e22687-a9cf09034c54a317b002.js → 200 (58ms, 80450B)
[2026-05-26T05:54:49.862Z] GET https://d2a0efs422ycyj.cloudfront.net/main/1779470629269/public/5204-441cba16aaabe52bba58.js → 200 (57ms, 8661B)
[2026-05-26T05:54:49.862Z] GET https://d2a0efs422ycyj.cloudfront.net/main/1779470629269/public/7047-9db7129888bd96121324.js → 200 (57ms, 5688B)
[2026-05-26T05:54:49.862Z] GET https://d2a0efs422ycyj.cloudfront.net/main/1779470629269/public/3120-506bf295eb40495182c2.js → 200 (46ms, 2759B)
[2026-05-26T05:54:49.862Z] GET https://d2a0efs422ycyj.cloudfront.net/main/1779470629269/public/vendor-swiper.4c123ab9a22c5f7d7191.css → 200 (41ms, 10761B)
[2026-05-26T05:54:49.862Z] GET https://d2a0efs422ycyj.cloudfront.net/main/1779470629269/public/vendor-swiper-ec6a12b8a34ac3d3fec2.js → 200 (61ms, 131604B)
[2026-05-26T05:54:49.863Z] GET https://d2a0efs422ycyj.cloudfront.net/main/1779470629269/public/acf27216a94fc04fa728fe9c125167f8954002dd-7aa67ec10e6df5c9e03f.js → 200 (58ms, 54631B)
[2026-05-26T05:54:49.863Z] GET https://d2a0efs422ycyj.cloudfront.net/main/1779470629269/public/45d30204e7dd237ea5bb1d09220e65dbb8e5a626-3150abba4d61bd102722.js → 200 (59ms, 12670B)
[2026-05-26T05:54:49.863Z] GET https://d2a0efs422ycyj.cloudfront.net/main/1779470629269/public/9175.31d6cfe0d16ae931b73c.css → 200 (41ms, ?B)
[2026-05-26T05:54:49.863Z] GET https://d2a0efs422ycyj.cloudfront.net/main/1779470629269/public/4841-18724a3dc116c656146a.js → 200 (57ms, 5358B)
[2026-05-26T05:54:49.863Z] GET https://d2a0efs422ycyj.cloudfront.net/main/1779470629269/public/9231-479d1c0f5664837e5e45.js → 200 (59ms, 8872B)
[2026-05-26T05:54:49.863Z] GET https://d2a0efs422ycyj.cloudfront.net/main/1779470629269/public/3864-6035077e57c3d78ea39b.js → 200 (56ms, 3176B)
[2026-05-26T05:54:49.863Z] GET https://d2a0efs422ycyj.cloudfront.net/main/1779470629269/public/6027-173505e7b40446855a6e.js → 200 (58ms, 2613B)
[2026-05-26T05:54:49.863Z] GET https://d2a0efs422ycyj.cloudfront.net/main/1779470629269/public/2856-7479236941ef32b24d4c.js → 200 (59ms, 10563B)
[2026-05-26T05:54:49.863Z] GET https://d2a0efs422ycyj.cloudfront.net/main/1779470629269/public/1315-36465b62e72d227ab33a.js → 200 (59ms, 1658B)
[2026-05-26T05:54:49.918Z] GET https://d2a0efs422ycyj.cloudfront.net/main/1779470629269/public/displayicon-Cloud-tsx-b730a62e0ac408ece719.js → 200 (45ms, ?B)
[2026-05-26T05:54:49.918Z] GET https://d2a0efs422ycyj.cloudfront.net/main/1779470629269/public/displayicon-CallSupport-tsx-89372dd05f61811fb359.js → 200 (45ms, ?B)
[2026-05-26T05:54:49.919Z] GET https://d2a0efs422ycyj.cloudfront.net/main/1779470629269/public/displayicon-WifiOffline-tsx-0ea4e50eb77a8edcc60a.js → 200 (44ms, ?B)
[2026-05-26T05:54:49.919Z] GET https://d2a0efs422ycyj.cloudfront.net/main/1779470629269/public/displayicon-ThirdPartyIntegrations-tsx-8c7377bdceaa3d207a43.js → 200 (48ms, ?B)
[2026-05-26T05:54:49.988Z] GET https://images.ctfassets.net/tgv5pu8pgmos/6j74Z1QPjB45u22KklxXfC/e9f2ceec7d1f8834557ef01bd96e374a/solutions-background.png?fm=webp → 200 (38ms, 1128096B)
[2026-05-26T05:54:49.989Z] POST https://experience.ninetailed.co/v2/organizations/732b57ad-e18f-4e3e-8c50-d9ac8532125a/environments/main/profiles/a706f8b048ad5d8e9bc6cd9141084de192525ec085af9ba7c6d54a7c9331e453 → 200 (119ms, 4043B)
[2026-05-26T05:54:50.009Z] GET https://d2a0efs422ycyj.cloudfront.net/main/1779470629269/public/vendor-vidyard-7bb9d110d9b7e651c51f.js → 200 (270ms, 71362B)
[2026-05-26T05:54:50.257Z] GET https://images.ctfassets.net/tgv5pu8pgmos/6CpJr1sSQhxCS7WORITmqa/e388af5df738d3b478b73db3e97f57b1/img-toast-iq-intelligence-built-in.png?fm=avif&w=1536&fit=scale → 200 (65ms, 80093B)
[2026-05-26T05:54:50.257Z] GET https://d2a0efs422ycyj.cloudfront.net/main/1779470629269/public/svg/icon-play-button-blue.svg → 200 (64ms, 379B)
[2026-05-26T05:54:50.257Z] GET https://images.ctfassets.net/tgv5pu8pgmos/5H2HzJ7zUlXdmnaNxNMxf9/156afa6e77cf2b4597b45d6e7a1aaeee/toast_iq_resting_loop.gif → 200 (65ms, 72311B)
[2026-05-26T05:54:50.359Z] GET https://play.vidyard.com/hzwNjhc767HZTMRS7odyJd?disable_popouts=1&autoplay=1&type=lightbox&v=4.3.15 → 200 (114ms, 3569B)
[2026-05-26T05:54:50.359Z] GET https://play.vidyard.com/player/hzwNjhc767HZTMRS7odyJd.json?pomo=0&pomo_reason=fetchMetaData → 200 (111ms, 17356B)
[2026-05-26T05:54:50.359Z] GET https://play.vidyard.com/v4/hzwNjhc767HZTMRS7odyJd/style.js?callback=window.VidyardV4.jsonp.style_hzwNjhc767HZTMRS7odyJd.done → 200 (113ms, 176B)
[2026-05-26T05:54:50.359Z] GET https://play.vidyard.com/v4/hzwNjhc767HZTMRS7odyJd/integrations.js?callback=window.VidyardV4.jsonp.integrations_hzwNjhc767HZTMRS7odyJd.done → 200 (113ms, 177B)
[2026-05-26T05:54:50.359Z] GET https://play.vidyard.com/v4/hzwNjhc767HZTMRS7odyJd/details.js?callback=window.VidyardV4.jsonp.details_hzwNjhc767HZTMRS7odyJd.done → 200 (113ms, 752B)
[2026-05-26T05:54:50.359Z] GET https://play.vidyard.com/YwjdNR3yVissd57ArJehyy?disable_popouts=1&autoplay=1&type=lightbox&v=4.3.15 → 200 (113ms, 3569B)
[2026-05-26T05:54:50.360Z] GET https://play.vidyard.com/player/YwjdNR3yVissd57ArJehyy.json?pomo=0&pomo_reason=fetchMetaData → 200 (112ms, 19723B)
[2026-05-26T05:54:50.360Z] GET https://play.vidyard.com/v4/YwjdNR3yVissd57ArJehyy/style.js?callback=window.VidyardV4.jsonp.style_YwjdNR3yVissd57ArJehyy.done → 200 (141ms, 176B)
[2026-05-26T05:54:50.360Z] GET https://play.vidyard.com/v4/YwjdNR3yVissd57ArJehyy/integrations.js?callback=window.VidyardV4.jsonp.integrations_YwjdNR3yVissd57ArJehyy.done → 200 (145ms, 176B)
[2026-05-26T05:54:50.360Z] GET https://play.vidyard.com/v4/YwjdNR3yVissd57ArJehyy/details.js?callback=window.VidyardV4.jsonp.details_YwjdNR3yVissd57ArJehyy.done → 200 (145ms, 1856B)
[2026-05-26T05:54:50.360Z] GET https://play.vidyard.com/hzwNjhc767HZTMRS7odyJd.jpg → 302 (145ms, ?B)
[2026-05-26T05:54:50.360Z] GET https://play.vidyard.com/YwjdNR3yVissd57ArJehyy.jpg → 302 (145ms, ?B)
[2026-05-26T05:54:50.505Z] GET https://cdn.vidyard.com/thumbnails/BcRIhXpdgSS9uy-5NS3XIA/1c82c9ecd2f5c6fa3fbe4e.gif → 200 (165ms, ?B)
[2026-05-26T05:54:50.506Z] GET https://cdn.vidyard.com/thumbnails/UD3pszZLnTZ7knAIIJ58uA/354e6d96914b0c22124c5d.gif → 200 (89ms, ?B)
[2026-05-26T05:54:53.047Z] GET https://d2a0efs422ycyj.cloudfront.net/main/1779470629269/public/static/hp-brand-line-Mobile.4d743c24.svg → 200 (157ms, ?B)
[2026-05-26T05:54:53.192Z] GET https://images.ctfassets.net/tgv5pu8pgmos/SOWu6spgLS5udNSdcEMaV/921c184785a86a903bcee3981b641120/mobile-fallback.avif → 200 (20ms, ?B)
[2026-05-26T05:54:53.192Z] GET https://images.ctfassets.net/tgv5pu8pgmos/7tt1u9UgtdGQDP0UOBfDcK/f969f23e24e2da160fa32174d4ea96f4/harpoon-mobile-image.png?fm=avif&w=264&fit=scale → 200 (34ms, ?B)
[2026-05-26T05:54:53.192Z] GET https://images.ctfassets.net/tgv5pu8pgmos/5HImty9kX6YODxXExwkMRm/862f8e2c36a5e249f6dcf2b372664edc/odd-duck-mobile-image.png?fm=avif&w=264&fit=scale → 200 (20ms, ?B)
[2026-05-26T05:54:53.192Z] GET https://images.ctfassets.net/tgv5pu8pgmos/5OzA4NRm2AHpqrIEj4lZ3h/d3a651eb73d796a0a1b9894642f09443/housepitality-mobile-image.png?fm=avif&w=264&fit=scale → pending (?ms, ?B)
[2026-05-26T05:54:53.192Z] GET https://images.ctfassets.net/tgv5pu8pgmos/7yM9bTFtlyaR9WuzMKoFo3/127b3127e76b92fd780197111d979665/velvet-taco-mobile-image.png?fm=avif&w=264&fit=scale → 200 (34ms, ?B)
[2026-05-26T05:54:53.227Z] GET https://d2w1ef2ao9g8r9.cloudfront.net/images/videos/Busy_10_Edit_web_nf_v002-5.mp4 → 206 (29ms, ?B)
[2026-05-26T05:54:53.254Z] GET https://images.ctfassets.net/tgv5pu8pgmos/7tt1u9UgtdGQDP0UOBfDcK/f969f23e24e2da160fa32174d4ea96f4/harpoon-mobile-image.png?fm=avif&w=528&fit=scale → pending (?ms, ?B)
[2026-05-26T05:54:53.255Z] GET https://images.ctfassets.net/tgv5pu8pgmos/5HImty9kX6YODxXExwkMRm/862f8e2c36a5e249f6dcf2b372664edc/odd-duck-mobile-image.png?fm=avif&w=528&fit=scale → pending (?ms, ?B)
[2026-05-26T05:54:53.255Z] GET https://images.ctfassets.net/tgv5pu8pgmos/5OzA4NRm2AHpqrIEj4lZ3h/d3a651eb73d796a0a1b9894642f09443/housepitality-mobile-image.png?fm=avif&w=528&fit=scale → pending (?ms, ?B)
[2026-05-26T05:54:53.255Z] GET https://images.ctfassets.net/tgv5pu8pgmos/7yM9bTFtlyaR9WuzMKoFo3/127b3127e76b92fd780197111d979665/velvet-taco-mobile-image.png?fm=avif&w=528&fit=scale → pending (?ms, ?B)
[2026-05-26T05:54:53.766Z] POST https://sentry.io/api/5196369/envelope/?sentry_key=ae36eedd65864f60919d20d4d4f2e732&sentry_version=7&sentry_client=sentry.javascript.gatsby%2F7.120.4 → 200 (47ms, 41B)
[2026-05-26T05:54:53.781Z] POST https://sentry.io/api/5196369/envelope/?sentry_key=ae36eedd65864f60919d20d4d4f2e732&sentry_version=7&sentry_client=sentry.javascript.gatsby%2F7.120.4 → 200 (22ms, 2B)
[2026-05-26T05:54:55.805Z] POST https://c.us.heap-api.com/api/capture/v2/add_user_properties → 200 (49ms, 2B)
[2026-05-26T05:54:55.809Z] POST https://c.us.heap-api.com/api/capture/v2/track → 200 (46ms, 2B)
[2026-05-26T05:54:59.193Z] POST https://c.us.heap-api.com/api/capture/v2/track → 200 (16ms, 2B)
[2026-05-26T05:55:19.183Z] POST https://browser-intake-datadoghq.com/api/v2/rum?ddsource=browser&ddtags=sdk_version%3A5.35.1%2Capi%3Afetch%2Cenv%3Aproduction%2Cservice%3Amktg-toasttab-com-headless&dd-api-key=puba8430946c2227304ea841bf68f52a369&dd-evp-origin-version=5.35.1&dd-evp-origin=browser&dd-request-id=ed7dab3e-177b-4d15-9fae-1ec5fb5581f4&batch_time=1779774919094 → 202 (227ms, 53B)
[2026-05-26T05:55:23.244Z] GET https://www.googletagmanager.com/gtm.js?id=GTM-MNHK89W → 200 (276ms, 571284B)
[2026-05-26T05:55:23.244Z] POST https://sentry.io/api/5196369/envelope/?sentry_key=ae36eedd65864f60919d20d4d4f2e732&sentry_version=7&sentry_client=sentry.javascript.gatsby%2F7.120.4 → 200 (87ms, 41B)
[2026-05-26T05:55:23.590Z] GET https://www.googletagmanager.com/gtag/js?id=G-JTTV6R70MY&cx=c&gtm=4e65k1 → 200 (137ms, ?B)
[2026-05-26T05:55:23.590Z] GET https://www.googletagmanager.com/gtag/js?id=AW-786473196&cx=c&gtm=4e65k1 → pending (?ms, ?B)
[2026-05-26T05:55:23.590Z] GET https://www.google-analytics.com/analytics.js → pending (?ms, ?B)
[2026-05-26T05:55:23.590Z] GET https://www.googleadservices.com/pagead/conversion.js → pending (?ms, ?B)
[2026-05-26T05:55:23.590Z] GET https://bat.bing.com/bat.js → pending (?ms, ?B)
[2026-05-26T05:55:23.590Z] GET https://connect.facebook.net/en_US/fbevents.js → 200 (89ms, 378607B)
[2026-05-26T05:55:23.591Z] GET https://snap.licdn.com/li.lms-analytics/insight.min.js → 200 (135ms, ?B)
[2026-05-26T05:55:23.591Z] GET https://munchkin.marketo.net/munchkin.js → pending (?ms, ?B)
[2026-05-26T05:55:23.591Z] GET https://cdn.bizible.com/scripts/bizible.js → 200 (135ms, ?B)
[2026-05-26T05:55:23.591Z] GET https://analytics.tiktok.com/i18n/pixel/events.js?sdkid=CRKE38BC77UDCGHCUE5G&lib=ttq → pending (?ms, ?B)
[2026-05-26T05:55:23.591Z] GET https://www.redditstatic.com/ads/pixel.js → pending (?ms, ?B)
[2026-05-26T05:55:23.591Z] POST https://www.google.com/ccm/collect?rcb=19&frm=0&ae=g&auid=690301672.1779774924&dt=Toast%20POS&en=page_view&dl=https%3A%2F%2Fpos.toasttab.com%2F&scrsrc=www.googletagmanager.com&rnd=378185418.1779774924&navt=n&npa=0&ep.ads_data_redaction=0&gtm=45He65k1v810140127za200zd810140127xea&gcs=G111&gcd=13r3r3r3r5l1&dma=0&tag_exp=0~115938466~115938468~116701382~118694324&apve=1&apvf=f&apvc=1&tft=1779774923589&tfd=35869 → pending (?ms, ?B)
[2026-05-26T05:55:23.591Z] GET https://sp.analytics.yahoo.com/spp.pl?a=10000&.yp=10204661&he=undefined&hph=undefined → pending (?ms, ?B)
[2026-05-26T05:55:23.591Z] GET https://katz-cvc-prod.covatic.io/mobile/api/v1.0/track/impression?orderID=26114&event=homepageview&timestamp=1779774923588 → pending (?ms, ?B)
[2026-05-26T05:55:23.591Z] GET https://katz-cvc-prod.covatic.io/mobile/api/v1.0/track/impression?orderID=26114&event=pageview&timestamp=1779774923588 → pending (?ms, ?B)
[2026-05-26T05:55:23.715Z] GET https://connect.facebook.net/signals/config/101294820214593?v=2.9.325&r=stable&domain=pos.toasttab.com&hme=af8aa31887db259becaf70277daef60bd8bc35c2df82c2acd4258de27ecac4b5&ex_m=104%2C207%2C155%2C22%2C72%2C73%2C146%2C68%2C67%2C11%2C164%2C90%2C16%2C138%2C127%2C39%2C75%2C78%2C134%2C160%2C166%2C8%2C4%2C5%2C7%2C6%2C3%2C91%2C101%2C167%2C172%2C221%2C62%2C188%2C189%2C55%2C279%2C30%2C74%2C233%2C232%2C231%2C23%2C33%2C103%2C61%2C10%2C63%2C97%2C98%2C99%2C105%2C130%2C31%2C29%2C132%2C133%2C129%2C128%2C156%2C76%2C159%2C157%2C158%2C50%2C60%2C123%2C15%2C163%2C45%2C266%2C267%2C265%2C26%2C27%2C28%2C48%2C147%2C77%2C112%2C18%2C20%2C44%2C40%2C42%2C41%2C83%2C92%2C96%2C110%2C145%2C148%2C46%2C111%2C24%2C21%2C119%2C69%2C36%2C150%2C149%2C151%2C142%2C140%2C25%2C35%2C59%2C109%2C162%2C70%2C17%2C153%2C114%2C81%2C66%2C19%2C85%2C86%2C116%2C84%2C136%2C135%2C139%2C161%2C34%2C281%2C297%2C214%2C203%2C204%2C202%2C300%2C291%2C52%2C215%2C107%2C131%2C80%2C121%2C54%2C47%2C49%2C113%2C120%2C126%2C125%2C58%2C64%2C152%2C115%2C37%2C32%2C53%2C56%2C100%2C165%2C1%2C124%2C14%2C122%2C12%2C2%2C57%2C93%2C65%2C118%2C89%2C88%2C168%2C169%2C94%2C95%2C9%2C102%2C51%2C143%2C87%2C79%2C71%2C117%2C106%2C43%2C144%2C0%2C82%2C137%2C141%2C154%2C38%2C108%2C13%2C170 → pending (?ms, ?B)
[2026-05-26T05:55:23.727Z] GET https://snap.licdn.com/li.lms-analytics/insight.old.min.js → pending (?ms, ?B)
[2026-05-26T05:55:23.730Z] GET https://cdn.bizible.com/ipv?_biz_r=&_biz_h=-59412256&_biz_u=44476e605130451d9cbeaf777cb03ee2&_biz_l=https%3A%2F%2Fpos.toasttab.com%2F&_biz_t=1779774923727&_biz_i=Toast%20POS&_biz_n=0&rnd=637057&cdn_o=a&_biz_z=1779774923727 → pending (?ms, ?B)
[2026-05-26T05:55:23.730Z] GET https://cdn.bizibly.com/u?_biz_u=44476e605130451d9cbeaf777cb03ee2&_biz_l=https%3A%2F%2Fpos.toasttab.com%2F&_biz_t=1779774923730&_biz_i=Toast%20POS&rnd=37178&cdn_o=a&_biz_z=1779774923730 → pending (?ms, ?B)
[2026-05-26T05:55:23.814Z] POST https://analytics.google.com/g/collect?v=2&tid=G-JTTV6R70MY&gtm=45je65k1v9101041850z8810140127za20gzb810140127zd810140127&_p=1779774923538&_gaz=1&gcs=G111&gcd=13r3r3r3r5l1&npa=0&dma=0&ecid=1502218553&_eu=EAAAAGAC&are=1&cid=1899649042.1779774924&ec_mode=a&frm=0&ir=1&pscdl=noapi&rcb=4&sr=1440x900&uaa=arm&uab=64&uafvl=Not%253AA-Brand%3B99.0.0.0%7CHeadlessChrome%3B145.0.7632.6%7CChromium%3B145.0.7632.6&uam=&uamb=0&uap=macOS&uapv=13.1.0&uaw=0&ul=en-us&gaf=2&_s=1&tag_exp=0~115616986~115938466~115938469~118128923&sid=1779774923&sct=1&seg=0&dl=https%3A%2F%2Fpos.toasttab.com%2F&dt=Toast%20POS&en=page_view&_fv=1&_nsi=1&_ss=1&tfd=36058 → 204 (225ms, ?B)
[2026-05-26T05:55:23.814Z] POST https://stats.g.doubleclick.net/g/collect?v=2&tid=G-JTTV6R70MY&cid=1899649042.1779774924&gtm=45je65k1v9101041850z8810140127za20gzb810140127zd810140127&rcb=4&aip=1&dma=0&gcs=G111&gcd=13r3r3r3r5l1&npa=0&frm=0&tag_exp=0~115616986~115938466~115938469~118128923 → 204 (223ms, ?B)
[2026-05-26T05:55:23.814Z] GET https://www.google.com.mx/ads/ga-audiences?v=1&t=sr&slf_rd=1&_r=4&tid=G-JTTV6R70MY&cid=1899649042.1779774924&gtm=45je65k1v9101041850z8810140127za20gzb810140127zd810140127&rcb=4&aip=1&dma=0&gcs=G111&gcd=13r3r3r3r5l1&npa=0&frm=0&tag_exp=0~115616986~115938466~115938469~118128923&z=1678320135 → 200 (195ms, 42B)
[2026-05-26T05:55:23.836Z] GET https://cdn.bizible.com/xdc.js?_biz_u=44476e605130451d9cbeaf777cb03ee2&_biz_h=-59412256&cdn_o=a&jsVer=4.26.05.04 → 200 (198ms, 111B)
[2026-05-26T05:55:23.841Z] GET https://pixel-config.reddit.com/pixels/t2_1xnz6un/config → 200 (197ms, 217B)
[2026-05-26T05:55:23.841Z] GET https://alb.reddit.com/rp.gif?ts=1779774923840&id=t2_1xnz6un&event=PageVisit&m.itemCount=&m.value=&m.valueDecimal=&m.currency=&m.transactionId=&m.customEventName=&m.products=&m.conversionId=&uuid=425fd3c6-37fc-4b24-8dd2-812ba8ca0dca&aaid=&external_id=&idfa=&integration=reddit&partner=&partner_version=&opt_out=0&sh=1440&sw=900&v=rdt_47ad39b8&dpm=&dpcc=&dprc= → 200 (172ms, 42B)
[2026-05-26T05:55:23.852Z] POST https://www.google-analytics.com/j/collect?v=1&_v=j102&a=301525949&t=pageview&_s=1&dl=https%3A%2F%2Fpos.toasttab.com%2F&ul=en-us&dt=Toast%20POS&sr=1440x900&vp=1440x900&_u=YADAAEABAAAAACAAI~&jid=1901257298&gjid=696160812&cid=1899649042.1779774924&tid=UA-58064552-1&_gid=1198027456.1779774924&_r=1&_slc=1&gtm=45He65k1n81MNHK89Wv810140127za200zd810140127&gcs=G111&gcd=13r3r3r3r5l1&dma=0&tag_exp=0~115938466~115938468~116701382~118694324&z=2042144512 → 200 (183ms, 3B)
[2026-05-26T05:55:23.858Z] GET https://bat.bing.com/p/action/5090248.js → 200 (178ms, 400B)
[2026-05-26T05:55:23.923Z] GET https://googleads.g.doubleclick.net/pagead/viewthroughconversion/786473196/?random=1779774923875&cv=11&fst=1779774923875&bg=ffffff&guid=ON&async=1&en=gtag.config&gtm=45be65k1v9138628151z8810140127za20gzb810140127zd810140127xec&gcd=13r3r3r3r5l1&dma=0&tag_exp=0~115938466~115938469~116701382&u_w=1440&u_h=900&url=https%3A%2F%2Fpos.toasttab.com%2F&rcb=2&frm=0&tiba=Toast%20POS&hn=www.googleadservices.com&npa=0&pscdl=noapi&auid=690301672.1779774924&uaa=arm&uab=64&uafvl=Not%253AA-Brand%3B99.0.0.0%7CHeadlessChrome%3B145.0.7632.6%7CChromium%3B145.0.7632.6&uamb=0&uam=&uap=macOS&uapv=13.1.0&uaw=0&data=event%3Dgtag.config&rfmt=3&fmt=4 → 200 (142ms, 5328B)
[2026-05-26T05:55:23.924Z] POST https://www.google.com/rmkt/collect/786473196/?random=1779774923875&cv=11&fst=1779774923875&fmt=8&bg=ffffff&guid=ON&async=1&en=gtag.config&gtm=45be65k1v9138628151z8810140127za20gzb810140127zd810140127xec&gcd=13r3r3r3r5l1&dma=0&tag_exp=0~115938466~115938469~116701382&u_w=1440&u_h=900&url=https%3A%2F%2Fpos.toasttab.com%2F&rcb=2&frm=0&tiba=Toast%20POS&hn=www.googleadservices.com&npa=0&pscdl=noapi&auid=690301672.1779774924&uaa=arm&uab=64&uafvl=Not%253AA-Brand%3B99.0.0.0%7CHeadlessChrome%3B145.0.7632.6%7CChromium%3B145.0.7632.6&uamb=0&uam=&uap=macOS&uapv=13.1.0&uaw=0&data=event%3Dgtag.config&gcp=5 → 200 (115ms, ?B)
[2026-05-26T05:55:23.924Z] GET https://www.googleadservices.com/pagead/conversion/786473196/?random=1779774923916&cv=11&fst=1779774923916&fmt=7&bg=ffffff&guid=ON&async=1&en=conversion&gtm=45be65k1v9138628151z8810140127za20gzb810140127zd810140127xea&gcs=G111&gcd=13r3r3r3r5l1&dma=0&tag_exp=0~115938466~115938469~116701382&u_w=1440&u_h=900&url=https%3A%2F%2Fpos.toasttab.com%2F&rcb=2&label=ZzttCPP6o60BEOzBgvcC&capi=1&frm=0&tiba=Toast%20POS&bttype=purchase&value=0&hn=www.googleadservices.com&npa=0&pscdl=noapi&auid=690301672.1779774924&uaa=arm&uab=64&uafvl=Not%253AA-Brand%3B99.0.0.0%7CHeadlessChrome%3B145.0.7632.6%7CChromium%3B145.0.7632.6&uamb=0&uam=&uap=macOS&uapv=13.1.0&uaw=0&ec_mode=a&_tu=CA&gcl_ctr=1~0~0~0&category=acrcp_v1_512&em=tv.1 → 200 (115ms, 2810B)
[2026-05-26T05:55:23.924Z] POST https://www.google.com/ccm/collect?rcb=2&frm=0&auid=690301672.1779774924&dt=Toast%20POS&en=page_view&dl=https%3A%2F%2Fpos.toasttab.com%2F&scrsrc=www.googletagmanager.com&rnd=378185418.1779774924&navt=n&npa=0&gtm=45be65k1v9138628151z8810140127za20gzb810140127zd810140127xec&gcs=G111&gcd=13r3r3r3r5l1&dma=0&tag_exp=0~115938466~115938469~116701382&apve=1&apvf=f&apvc=0&tids=AW-786473196&tid=AW-786473196&tft=1779774923922&tfd=36203 → 200 (115ms, ?B)
[2026-05-26T05:55:24.013Z] GET https://munchkin.marketo.net/165/munchkin.js → 200 (53ms, 12913B)
[2026-05-26T05:55:24.020Z] GET https://googleads.g.doubleclick.net/pagead/viewthroughconversion/786473196/?random=1779774924013&cv=9&fst=1779774924013&num=1&guid=ON&resp=GooglemKTybQhCsO&eid=375603260%2C466465925%2C512247838%2C658953496&u_h=900&u_w=1440&ig=1&frm=0&url=https%3A%2F%2Fpos.toasttab.com%2F&tiba=Toast%20POS&hn=www.googleadservices.com&uaa=arm&uab=64&uam=&uap=macOS&uapv=13.1.0&uaw=0&uafvl=Not%253AA-Brand%3B99.0.0.0%7CHeadlessChrome%3B145.0.7632.6%7CChromium%3B145.0.7632.6&rfmt=3&fmt=4 → 200 (61ms, 4956B)
[2026-05-26T05:55:24.026Z] GET https://px.ads.linkedin.com/attribution_trigger?pid=410489&time=1779774924021&url=https%3A%2F%2Fpos.toasttab.com%2F → 200 (287ms, 2B)
[2026-05-26T05:55:24.026Z] GET https://px.ads.linkedin.com/collect?v=2&fmt=js&pid=410489&time=1779774924021&li_adsId=3ac74535-9b23-41fb-88b2-05db79ac43e8&url=https%3A%2F%2Fpos.toasttab.com%2F → 302 (243ms, ?B)
[2026-05-26T05:55:24.026Z] GET https://analytics.tiktok.com/i18n/pixel/static/main.MWJkOTJmOWRkMQ.js → 200 (183ms, 481531B)
[2026-05-26T05:55:24.047Z] GET https://bat.bing.com/action/0?ti=5090248&Ver=2&mid=d86e86c8-723f-438e-b779-50824b94a3d3&bo=1&sid=7cc84f8058c711f1be37398b0487db12&vid=7cc8532058c711f185106bc50ea5f248&vids=1&msclkid=N&pi=0&lg=en-US&sw=1440&sh=900&sc=24&nwd=1&tl=Toast%20POS&p=https%3A%2F%2Fpos.toasttab.com%2F&r=&lt=1548&evt=pageLoad&sv=2&cdb=AQAS&rn=51936 → 204 (157ms, ?B)
[2026-05-26T05:55:24.049Z] POST https://googleads.g.doubleclick.net/pagead/viewthroughconversion/786473196/?random=1405675787&cv=11&fst=1779774923916&fmt=8&bg=ffffff&guid=ON&async=1&en=conversion&gtm=45be65k1v9138628151z8810140127za20gzb810140127zd810140127xea&gcs=G111&gcd=13r3r3r3r5l1&dma=0&tag_exp=0~115938466~115938469~116701382&u_w=1440&u_h=900&url=https%3A%2F%2Fpos.toasttab.com%2F&rcb=2&label=ZzttCPP6o60BEOzBgvcC&capi=1&frm=0&tiba=Toast%20POS&value=0&hn=www.googleadservices.com&npa=0&pscdl=noapi&auid=690301672.1779774924&uaa=arm&uab=64&uafvl=Not%253AA-Brand%3B99.0.0.0%7CHeadlessChrome%3B145.0.7632.6%7CChromium%3B145.0.7632.6&uamb=0&uam=&uap=macOS&uapv=13.1.0&uaw=0&ec_mode=a&_tu=CA&gcl_ctr=1~0~0~0&category=acrcp_v1_512&em=tv.1&ct_cookie_present=false&crd=CLTesQII8t-xAgit4bECCKG4sQIIscGxAgiwwbECCLHDsQIIisWxAgjCybECCLTGsQIIk9qxAgjb3LECCIfbsQII08WxAgjrzLECCO3OsQII1c-xAgj02rECCJfUsQIIyduxAgix4bECCLPhsQIIpt2xAgiw3rECCIDbsQJKK3RyaWdnZXI9bmF2aWdhdGlvbi1zb3VyY2UsIG5vdC1ldmVudC1zb3VyY2VaAwoBAWIDCgED&cerd=CgEA&eitems=ChAI8ObP0AYQmuGG7L6JjtRgEh0A0G6WJB1gAvhOO_xsqt2DExtu6zD1DPRo5rLPMw&fsk=ChEI8ObP0AYQwfCrkM7RpdCHARIsAMAxXRl9TgEGKVC7CVHukRP_G3GM7fmKFnfgvtDJl5avPAWRxYGaNQZX8KoaAkUp&pscrd=IhMIkLGKoaLWlAMVq8UYAh04OxlhOhlodHRwczovL3Bvcy50b2FzdHRhYi5jb20vQlZDaEFJOE9iUDBBWVF0YWF2aHBmMmw3b2VFaXdBdjZra285NmFCRTNDb0I4UEg2eUsxYWN0YVFuM0ZDdGRmU05UQlEyLUxqb0pqSDFhR0swYnl2WFByUXoMCAliCAgAEAAYACAA → 302 (280ms, ?B)
[2026-05-26T05:55:24.066Z] GET https://www.google.com/pagead/1p-user-list/786473196/?random=1779774923875&cv=11&fst=1779771600000&bg=ffffff&guid=ON&async=1&en=gtag.config&gtm=45be65k1v9138628151z8810140127za20gzb810140127zd810140127xec&gcd=13r3r3r3r5l1&dma=0&tag_exp=0~115938466~115938469~116701382&u_w=1440&u_h=900&url=https%3A%2F%2Fpos.toasttab.com%2F&rcb=2&frm=0&tiba=Toast%20POS&hn=www.googleadservices.com&npa=0&pscdl=noapi&auid=690301672.1779774924&uaa=arm&uab=64&uafvl=Not%253AA-Brand%3B99.0.0.0%7CHeadlessChrome%3B145.0.7632.6%7CChromium%3B145.0.7632.6&uamb=0&uam=&uap=macOS&uapv=13.1.0&uaw=0&data=event%3Dgtag.config&rfmt=3&fmt=3&is_vtc=1&cid=CAQS1AEABaugfWO7Rx9A7xcVbsJfPgU5ASHLj8-pGGNXOlZslNno2umxAM88kQtgI_OWKQCaRHZrxZJEaiKgWNq5K_VCXA8PxSZdKMYG8_HKTi4e86mSkysgjr_gSvUSVZ6EBxS-XFMjk5TOo0zfW3UJf0Jrtd8Y5i4dFXfdOL5AKvZ78lzL4FiNxjJvtPi6hVtDekDRswR76kI-1kJ6yI8MyNeYwNn02KkkXHknzjaq14ZzpxcRePLxrekJ1ab770U-V6gy_eMD9gkcjRcRPS92FYLG8ABThA&random=718178308&rmt_tld=0&ipr=y → 200 (140ms, 42B)
[2026-05-26T05:55:24.066Z] GET https://www.google.com.mx/pagead/1p-user-list/786473196/?random=1779774923875&cv=11&fst=1779771600000&bg=ffffff&guid=ON&async=1&en=gtag.config&gtm=45be65k1v9138628151z8810140127za20gzb810140127zd810140127xec&gcd=13r3r3r3r5l1&dma=0&tag_exp=0~115938466~115938469~116701382&u_w=1440&u_h=900&url=https%3A%2F%2Fpos.toasttab.com%2F&rcb=2&frm=0&tiba=Toast%20POS&hn=www.googleadservices.com&npa=0&pscdl=noapi&auid=690301672.1779774924&uaa=arm&uab=64&uafvl=Not%253AA-Brand%3B99.0.0.0%7CHeadlessChrome%3B145.0.7632.6%7CChromium%3B145.0.7632.6&uamb=0&uam=&uap=macOS&uapv=13.1.0&uaw=0&data=event%3Dgtag.config&rfmt=3&fmt=3&is_vtc=1&cid=CAQS1AEABaugfWO7Rx9A7xcVbsJfPgU5ASHLj8-pGGNXOlZslNno2umxAM88kQtgI_OWKQCaRHZrxZJEaiKgWNq5K_VCXA8PxSZdKMYG8_HKTi4e86mSkysgjr_gSvUSVZ6EBxS-XFMjk5TOo0zfW3UJf0Jrtd8Y5i4dFXfdOL5AKvZ78lzL4FiNxjJvtPi6hVtDekDRswR76kI-1kJ6yI8MyNeYwNn02KkkXHknzjaq14ZzpxcRePLxrekJ1ab770U-V6gy_eMD9gkcjRcRPS92FYLG8ABThA&random=718178308&rmt_tld=1&ipr=y → 200 (139ms, 42B)
[2026-05-26T05:55:24.068Z] POST https://713-dii-842.mktoresp.com/webevents/visitWebPage?_mchNc=1779774924067&_mchCn=&_mchId=713-DII-842&_mchTk=_mch-toasttab.com-c58c1104acc42ff11d157461462559ed&_mchHo=pos.toasttab.com&_mchPo=&_mchRu=%2F&_mchPc=https%3A&_mchVr=165&_mchEcid=&_mchHa=&_mchRe=&_mchQp= → 200 (251ms, 2B)
[2026-05-26T05:55:24.082Z] GET https://www.google.com/pagead/1p-user-list/786473196/?random=1779774924013&cv=9&fst=1779771600000&num=1&guid=ON&resp=GooglemKTybQhCsO&eid=375603260%2C466465925%2C512247838%2C658953496&u_h=900&u_w=1440&ig=1&frm=0&url=https%3A%2F%2Fpos.toasttab.com%2F&tiba=Toast%20POS&hn=www.googleadservices.com&uaa=arm&uab=64&uam=&uap=macOS&uapv=13.1.0&uaw=0&uafvl=Not%253AA-Brand%3B99.0.0.0%7CHeadlessChrome%3B145.0.7632.6%7CChromium%3B145.0.7632.6&rfmt=3&fmt=3&is_vtc=1&cid=CAQS1AEABaugffxUZDILZ3mW4Dy4YaoC6XDktXZ2QQ_FL2ggwa127tgacouDdR4-HCcOk7Igk_2O6RmJM-ZruG4W6ry60RTdKgf2iSygzzWH01LXIrLub1jiEbXq2UTsXNUQk4IYX2Yq51OgGYN1f_Wu-VnRqJbD95evNQD2zUCOgSfQEOty96glj7pCIJXne5fzADaRGdFE0B_d5Luofq1o_UBeIvGPwAfTTHV5100dSn9N2KJK7oTDXSSsSQgxj5UGCHABXo5jOsnpfdGA68k7kAk7INTpzg&random=2996361113&resp=GooglemKTybQhCsO&rmt_tld=0&ipr=y → 200 (127ms, 42B)
[2026-05-26T05:55:24.082Z] GET https://www.google.com.mx/pagead/1p-user-list/786473196/?random=1779774924013&cv=9&fst=1779771600000&num=1&guid=ON&resp=GooglemKTybQhCsO&eid=375603260%2C466465925%2C512247838%2C658953496&u_h=900&u_w=1440&ig=1&frm=0&url=https%3A%2F%2Fpos.toasttab.com%2F&tiba=Toast%20POS&hn=www.googleadservices.com&uaa=arm&uab=64&uam=&uap=macOS&uapv=13.1.0&uaw=0&uafvl=Not%253AA-Brand%3B99.0.0.0%7CHeadlessChrome%3B145.0.7632.6%7CChromium%3B145.0.7632.6&rfmt=3&fmt=3&is_vtc=1&cid=CAQS1AEABaugffxUZDILZ3mW4Dy4YaoC6XDktXZ2QQ_FL2ggwa127tgacouDdR4-HCcOk7Igk_2O6RmJM-ZruG4W6ry60RTdKgf2iSygzzWH01LXIrLub1jiEbXq2UTsXNUQk4IYX2Yq51OgGYN1f_Wu-VnRqJbD95evNQD2zUCOgSfQEOty96glj7pCIJXne5fzADaRGdFE0B_d5Luofq1o_UBeIvGPwAfTTHV5100dSn9N2KJK7oTDXSSsSQgxj5UGCHABXo5jOsnpfdGA68k7kAk7INTpzg&random=2996361113&resp=GooglemKTybQhCsO&rmt_tld=1&ipr=y → 200 (123ms, 42B)
[2026-05-26T05:55:24.266Z] GET https://analytics.tiktok.com/i18n/pixel/static/identify_5cff1caf.js → 200 (48ms, 155651B)
[2026-05-26T05:55:24.267Z] POST https://analytics-ipv6.tiktokw.us/ipv6/enrich_ipv6 → 200 (232ms, ?B)
[2026-05-26T05:55:24.267Z] POST https://analytics.tiktok.com/api/v2/pixel → 200 (123ms, ?B)
[2026-05-26T05:55:24.267Z] POST https://analytics.tiktok.com/api/v2/pixel → 200 (113ms, ?B)
[2026-05-26T05:55:24.270Z] GET https://px.ads.linkedin.com/collect?v=2&fmt=js&pid=410489&time=1779774924021&li_adsId=3ac74535-9b23-41fb-88b2-05db79ac43e8&url=https%3A%2F%2Fpos.toasttab.com%2F&cookiesTest=true → 302 (83ms, ?B)
[2026-05-26T05:55:24.329Z] GET https://www.google.com/pagead/1p-conversion/786473196/?random=1405675787&cv=11&fst=1779774923916&fmt=8&bg=ffffff&guid=ON&async=1&en=conversion&gtm=45be65k1v9138628151z8810140127za20gzb810140127zd810140127xea&gcs=G111&gcd=13r3r3r3r5l1&dma=0&tag_exp=0~115938466~115938469~116701382&u_w=1440&u_h=900&url=https%3A%2F%2Fpos.toasttab.com%2F&rcb=2&label=ZzttCPP6o60BEOzBgvcC&capi=1&frm=0&tiba=Toast%20POS&value=0&hn=www.googleadservices.com&npa=0&pscdl=noapi&auid=690301672.1779774924&uaa=arm&uab=64&uafvl=Not%253AA-Brand%3B99.0.0.0%7CHeadlessChrome%3B145.0.7632.6%7CChromium%3B145.0.7632.6&uamb=0&uam=&uap=macOS&uapv=13.1.0&uaw=0&ec_mode=a&_tu=CA&gcl_ctr=1~0~0~0&category=acrcp_v1_512&em=tv.1&ct_cookie_present=false&crd=CLTesQII8t-xAgit4bECCKG4sQIIscGxAgiwwbECCLHDsQIIisWxAgjCybECCLTGsQIIk9qxAgjb3LECCIfbsQII08WxAgjrzLECCO3OsQII1c-xAgj02rECCJfUsQIIyduxAgix4bECCLPhsQIIpt2xAgiw3rECCIDbsQJKK3RyaWdnZXI9bmF2aWdhdGlvbi1zb3VyY2UsIG5vdC1ldmVudC1zb3VyY2VaAwoBAWIDCgED&cerd=CgEA&fsk=ChEI8ObP0AYQwfCrkM7RpdCHARIsAMAxXRl9TgEGKVC7CVHukRP_G3GM7fmKFnfgvtDJl5avPAWRxYGaNQZX8KoaAkUp&pscrd=IhMIkLGKoaLWlAMVq8UYAh04OxlhOhlodHRwczovL3Bvcy50b2FzdHRhYi5jb20vQlZDaEFJOE9iUDBBWVF0YWF2aHBmMmw3b2VFaXdBdjZra285NmFCRTNDb0I4UEg2eUsxYWN0YVFuM0ZDdGRmU05UQlEyLUxqb0pqSDFhR0swYnl2WFByUXoMCAliCAgAEAAYACAA&is_vtc=1&cid=CAQS1AEABaugfbDIEyba9oCucWFTJPTwQZU3qRY-Ao9Bwh-Kl3niNYrwFckrEJoN2uNzEdxjoglDofvUxYH2tUdVm7Y7v15BDmsrTKt2k-Fq_RVoDv65NQIL71ojMNP8X2ysHFuBSCTT9Nxie7xBuQSQRstxxp5e33lHcwoxscJLz5LEoTZoHfrdvk-0AeUtvtsiXzzOUtOhOBaLYErc-Wy4fN3SeWyY5wNmfAQ-zrZ5u1Nw9spYMLilsOOG1l0eKIWKSNhsZByV9SCLQUedS9GY1VZOlZnrPQ&eitems=ChAI8ObP0AYQmuGG7L6JjtRgEh0A0G6WJL5C37bk5-ZNTlfIYUKYMnlWHJA6iGZMdQ&random=2074565139 → 302 (1ms, ?B)
[2026-05-26T05:55:24.330Z] GET https://www.google.com.mx/pagead/1p-conversion/786473196/?random=1405675787&cv=11&fst=1779774923916&fmt=8&bg=ffffff&guid=ON&async=1&en=conversion&gtm=45be65k1v9138628151z8810140127za20gzb810140127zd810140127xea&gcs=G111&gcd=13r3r3r3r5l1&dma=0&tag_exp=0~115938466~115938469~116701382&u_w=1440&u_h=900&url=https%3A%2F%2Fpos.toasttab.com%2F&rcb=2&label=ZzttCPP6o60BEOzBgvcC&capi=1&frm=0&tiba=Toast%20POS&value=0&hn=www.googleadservices.com&npa=0&pscdl=noapi&auid=690301672.1779774924&uaa=arm&uab=64&uafvl=Not%253AA-Brand%3B99.0.0.0%7CHeadlessChrome%3B145.0.7632.6%7CChromium%3B145.0.7632.6&uamb=0&uam=&uap=macOS&uapv=13.1.0&uaw=0&ec_mode=a&_tu=CA&gcl_ctr=1~0~0~0&category=acrcp_v1_512&em=tv.1&ct_cookie_present=false&crd=CLTesQII8t-xAgit4bECCKG4sQIIscGxAgiwwbECCLHDsQIIisWxAgjCybECCLTGsQIIk9qxAgjb3LECCIfbsQII08WxAgjrzLECCO3OsQII1c-xAgj02rECCJfUsQIIyduxAgix4bECCLPhsQIIpt2xAgiw3rECCIDbsQJKK3RyaWdnZXI9bmF2aWdhdGlvbi1zb3VyY2UsIG5vdC1ldmVudC1zb3VyY2VaAwoBAWIDCgED&cerd=CgEA&fsk=ChEI8ObP0AYQwfCrkM7RpdCHARIsAMAxXRl9TgEGKVC7CVHukRP_G3GM7fmKFnfgvtDJl5avPAWRxYGaNQZX8KoaAkUp&is_vtc=1&cid=CAQS1AEABaugfbDIEyba9oCucWFTJPTwQZU3qRY-Ao9Bwh-Kl3niNYrwFckrEJoN2uNzEdxjoglDofvUxYH2tUdVm7Y7v15BDmsrTKt2k-Fq_RVoDv65NQIL71ojMNP8X2ysHFuBSCTT9Nxie7xBuQSQRstxxp5e33lHcwoxscJLz5LEoTZoHfrdvk-0AeUtvtsiXzzOUtOhOBaLYErc-Wy4fN3SeWyY5wNmfAQ-zrZ5u1Nw9spYMLilsOOG1l0eKIWKSNhsZByV9SCLQUedS9GY1VZOlZnrPQ&eitems=ChAI8ObP0AYQmuGG7L6JjtRgEh0A0G6WJL5C37bk5-ZNTlfIYUKYMnlWHJA6iGZMdQ&random=2074565139&ipr=y&pscrd=IhMIkLGKoaLWlAMVq8UYAh04OxlhOhlodHRwczovL3Bvcy50b2FzdHRhYi5jb20vQlZDaEFJOE9iUDBBWVF0YWF2aHBmMmw3b2VFaXdBdjZra285NmFCRTNDb0I4UEg2eUsxYWN0YVFuM0ZDdGRmU05UQlEyLUxqb0pqSDFhR0swYnl2WFByUXoMCAliCAgAEAAYACAAggEFcAGIAQE → 200 (?ms, ?B)
[2026-05-26T05:55:24.353Z] GET https://www.linkedin.com/px/li_sync?redirect=https%3A%2F%2Fpx.ads.linkedin.com%2Fcollect%3Fv%3D2%26fmt%3Djs%26pid%3D410489%26time%3D1779774924021%26li_adsId%3D3ac74535-9b23-41fb-88b2-05db79ac43e8%26url%3Dhttps%253A%252F%252Fpos.toasttab.com%252F%26cookiesTest%3Dtrue%26liSync%3Dtrue → 302 (192ms, ?B)
[2026-05-26T05:55:24.502Z] POST https://analytics.tiktok.com/api/v2/pixel/act → 200 (108ms, ?B)
[2026-05-26T05:55:24.545Z] GET https://px.ads.linkedin.com/collect?v=2&fmt=js&pid=410489&time=1779774924021&li_adsId=3ac74535-9b23-41fb-88b2-05db79ac43e8&url=https%3A%2F%2Fpos.toasttab.com%2F&cookiesTest=true&liSync=true → 200 (99ms, ?B)
[2026-05-26T05:55:24.660Z] POST https://px.ads.linkedin.com/wa/?medium=fetch&fmt=g → 204 (119ms, ?B)
[2026-05-26T05:55:24.740Z] GET https://cdn.bizible.com/u?mapType=mkto&mapValue=id%3A713-DII-842%26token%3A_mch-toasttab.com-c58c1104acc42ff11d157461462559ed&_biz_u=44476e605130451d9cbeaf777cb03ee2&_biz_l=https%3A%2F%2Fpos.toasttab.com%2F&_biz_t=1779774924736&_biz_i=Toast%20POS&_biz_n=1&rnd=868400&cdn_o=a&_biz_z=1779774924736 → 200 (24ms, 43B)
[2026-05-26T05:55:29.039Z] POST https://analytics.google.com/g/collect?v=2&tid=G-JTTV6R70MY&gtm=45je65k1v9101041850za20gzb810140127zd810140127&_p=1779774923538&gcs=G111&gcd=13r3r3r3r5l1&npa=0&dma=0&ecid=1502218553&_eu=EEAAAGQC&ae=a&are=1&cid=1899649042.1779774924&frm=0&ir=1&pscdl=noapi&rcb=4&sr=1440x900&uaa=arm&uab=64&uafvl=Not%253AA-Brand%3B99.0.0.0%7CHeadlessChrome%3B145.0.7632.6%7CChromium%3B145.0.7632.6&uam=&uamb=0&uap=macOS&uapv=13.1.0&uaw=0&ul=en-us&gaf=2&_s=2&tag_exp=0~115616986~115938466~115938469~118128923&sid=1779774923&sct=1&seg=0&dl=https%3A%2F%2Fpos.toasttab.com%2F&dt=Toast%20POS&_tu=CA&en=scroll&epn.percent_scrolled=90&_et=51&tfd=41111 → 204 (68ms, ?B)
[2026-05-26T05:55:34.246Z] POST https://analytics.tiktok.com/api/v2/pixel/inter → 200 (79ms, ?B)
[2026-05-26T05:55:34.251Z] POST https://analytics.tiktok.com/api/v2/pixel → 200 (135ms, ?B)
[2026-05-26T05:59:27.766Z] GET file:///tmp/toast-style.html → 200 (29ms, 32895B)
[2026-05-26T05:59:28.141Z] GET https://fonts.googleapis.com/css2?family=Inter:wght@400;500;600;700;800;900&display=swap → 200 (117ms, 15042B)
[2026-05-26T05:59:28.287Z] GET https://fonts.gstatic.com/s/inter/v20/UcC73FwrK3iLTeHuS_nVMrMxCp50SjIa1ZL7W0Q5nw.woff2 → 200 (1ms, 48432B)
